<?xml version="1.0" encoding="UTF-8"?>
<testsuite xmlns:xsi="http://www.w3.org/2001/XMLSchema-instance" xsi:noNamespaceSchemaLocation="https://maven.apache.org/surefire/maven-surefire-plugin/xsd/surefire-test-report-3.0.xsd" version="3.0" name="com.zono.chefshug.ChefshugApplicationTests" time="3.963" tests="1" errors="0" skipped="0" failures="0">
  <properties>
[...]
</properties>
  <testcase name="contextLoads" classname="com.zono.chefshug.ChefshugApplicationTests" time="0.636">
    <system-out><![CDATA[23:42:50.211 [main] INFO org.springframework.test.context.support.AnnotationConfigContextLoaderUtils -- Could not detect default configuration classes for test class [com.zono.chefshug.ChefshugApplicationTests]: ChefshugApplicationTests does not declare any static, non-private, non-final, nested classes annotated with @Configuration.
23:42:50.304 [main] INFO org.springframework.boot.test.context.SpringBootTestContextBootstrapper -- Found @SpringBootConfiguration com.zono.chefshug.ChefshugApplication for test class com.zono.chefshug.ChefshugApplicationTests

  .   ____          _            __ _ _
 /\\ / ___'_ __ _ _(_)_ __  __ _ \ \ \ \
( ( )\___ | '_ | '_| | '_ \/ _` | \ \ \ \
 \\/  ___)| |_)| | | | | || (_| |  ) ) ) )
  '  |____| .__|_| |_|_| |_\__, | / / / /
 =========|_|==============|___/=/_/_/_/
 :: Spring Boot ::                (v3.1.0)

2023-08-05T23:42:50.643-06:00  INFO 19380 --- [           main] c.z.chefshug.ChefshugApplicationTests    : Starting ChefshugApplicationTests using Java 18.0.1 with PID 19380 (started by noahm in C:\Users\noahm\VisualStudio\chefshug)
2023-08-05T23:42:50.644-06:00  INFO 19380 --- [           main] c.z.chefshug.ChefshugApplicationTests    : No active profile set, falling back to 1 default profile: "default"
2023-08-05T23:42:52.723-06:00  INFO 19380 --- [           main] o.s.b.a.e.web.EndpointLinksResolver      : Exposing 1 endpoint(s) beneath base path '/actuator'
2023-08-05T23:42:52.885-06:00  INFO 19380 --- [           main] o.s.s.web.DefaultSecurityFilterChain     : Will secure any request with [org.springframework.security.web.session.DisableEncodeUrlFilter@3b3056a6, org.springframework.security.web.context.request.async.WebAsyncManagerIntegrationFilter@6d4a05f7, org.springframework.security.web.context.SecurityContextHolderFilter@184afb78, org.springframework.security.web.header.HeaderWriterFilter@675ec28b, org.springframework.web.filter.CorsFilter@51d8f2f2, org.springframework.security.web.authentication.logout.LogoutFilter@13d289c7, com.zono.chefshug.security.jwt.AuthTokenFilter@4b476233, org.springframework.security.web.savedrequest.RequestCacheAwareFilter@4f26425b, org.springframework.security.web.servletapi.SecurityContextHolderAwareRequestFilter@f03ee8f, org.springframework.security.web.authentication.AnonymousAuthenticationFilter@72fb989b, org.springframework.security.web.session.SessionManagementFilter@6a7a1a0d, org.springframework.security.web.access.ExceptionTranslationFilter@43e8f1c, org.springframework.security.web.access.intercept.AuthorizationFilter@22ae905f]
2023-08-05T23:42:53.353-06:00  INFO 19380 --- [           main] c.z.chefshug.ChefshugApplicationTests    : Started ChefshugApplicationTests in 2.917 seconds (process running for 3.695)
]]></system-out>
  </testcase>
</testsuite>